<?xml version="1.0" encoding="UTF-8"?>
<!-- Generated by org.testng.reporters.JUnitReportReporter -->
<testsuite hostname="ATS-ITTester1" failures="0" tests="1" name="genricUse.EmployeeOnboarding" time="48.921" errors="0" timestamp="2025-05-14T15:26:50 IST" skipped="0">
  <testcase classname="genricUse.EmployeeOnboarding" name="employeeOnboardingWorkflow" time="48.921"/>
</testsuite> <!-- genricUse.EmployeeOnboarding -->
