<?xml version="1.0" encoding="UTF-8"?>
<!-- Generated by org.testng.reporters.JUnitReportReporter -->
<testsuite hostname="ATS-ITTester1" failures="0" tests="1" name="essential.LoginLogout" time="4.777" errors="0" timestamp="2025-05-23T17:19:47 IST" skipped="0">
  <testcase classname="essential.LoginLogout" name="adminLoginLogout" time="4.777"/>
</testsuite> <!-- essential.LoginLogout -->
