<?xml version="1.0" encoding="UTF-8"?>
<!-- Generated by org.testng.reporters.JUnitReportReporter -->
<testsuite hostname="ATS-ITTester1" failures="0" tests="1" name="essential.LeaveManagement" time="7.647" errors="0" timestamp="2025-05-23T17:21:48 IST" skipped="0">
  <testcase classname="essential.LeaveManagement" name="leaveManagement" time="7.647"/>
</testsuite> <!-- essential.LeaveManagement -->
