<?xml version="1.0" encoding="UTF-8"?>
<!-- Generated by org.testng.reporters.JUnitReportReporter -->
<testsuite hostname="ATS-ITTester1" failures="0" tests="1" name="enterprise.ExpenseManagement" time="66.633" errors="0" timestamp="2025-05-17T14:59:36 IST" skipped="0">
  <testcase classname="enterprise.ExpenseManagement" name="expenseworkflow" time="66.633"/>
</testsuite> <!-- enterprise.ExpenseManagement -->
