<?xml version="1.0" encoding="UTF-8"?>
<!-- Generated by org.testng.reporters.JUnitReportReporter -->
<testsuite hostname="ATS-ITTester1" failures="0" tests="1" name="essential.AddDepartment" time="22.990" errors="0" timestamp="2025-05-23T17:22:38 IST" skipped="0">
  <testcase classname="essential.AddDepartment" name="addDepartment" time="22.990"/>
</testsuite> <!-- essential.AddDepartment -->
