<?xml version="1.0" encoding="UTF-8"?>
<!-- Generated by org.testng.reporters.JUnitReportReporter -->
<testsuite hostname="ATS-ITTester1" failures="0" tests="1" name="essential.LeaveManagement" time="11.063" errors="0" timestamp="2025-05-20T15:34:23 IST" skipped="0">
  <testcase classname="essential.LeaveManagement" name="leaveManagement" time="11.063"/>
</testsuite> <!-- essential.LeaveManagement -->
